0 info it worked if it ends with ok
1 verbose cli [ '/home/hagler/.nvm/versions/node/v6.11.4/bin/node',
1 verbose cli   '/home/hagler/.nvm/versions/node/v6.11.4/bin/npm',
1 verbose cli   'run',
1 verbose cli   'dev' ]
2 info using npm@3.10.10
3 info using node@v6.11.4
4 verbose run-script [ 'predev', 'dev', 'postdev' ]
5 info lifecycle react-server@1.0.0~predev: react-server@1.0.0
6 silly lifecycle react-server@1.0.0~predev: no script for predev, continuing
7 info lifecycle react-server@1.0.0~dev: react-server@1.0.0
8 verbose lifecycle react-server@1.0.0~dev: unsafe-perm in lifecycle true
9 verbose lifecycle react-server@1.0.0~dev: PATH: /home/hagler/.nvm/versions/node/v6.11.4/lib/node_modules/npm/bin/node-gyp-bin:/home/hagler/Projects/react-server-side/node_modules/.bin:/home/hagler/.nvm/versions/node/v6.11.4/bin:/home/hagler/bin:/home/hagler/.local/bin:/usr/local/sbin:/usr/local/bin:/usr/sbin:/usr/bin:/sbin:/bin:/usr/games:/usr/local/games:/snap/bin
10 verbose lifecycle react-server@1.0.0~dev: CWD: /home/hagler/Projects/react-server-side
11 silly lifecycle react-server@1.0.0~dev: Args: [ '-c', 'NODE_ENV=development node development.js' ]
12 silly lifecycle react-server@1.0.0~dev: Returned: code: 1  signal: null
13 info lifecycle react-server@1.0.0~dev: Failed to exec dev script
14 verbose stack Error: react-server@1.0.0 dev: `NODE_ENV=development node development.js`
14 verbose stack Exit status 1
14 verbose stack     at EventEmitter.<anonymous> (/home/hagler/.nvm/versions/node/v6.11.4/lib/node_modules/npm/lib/utils/lifecycle.js:255:16)
14 verbose stack     at emitTwo (events.js:106:13)
14 verbose stack     at EventEmitter.emit (events.js:191:7)
14 verbose stack     at ChildProcess.<anonymous> (/home/hagler/.nvm/versions/node/v6.11.4/lib/node_modules/npm/lib/utils/spawn.js:40:14)
14 verbose stack     at emitTwo (events.js:106:13)
14 verbose stack     at ChildProcess.emit (events.js:191:7)
14 verbose stack     at maybeClose (internal/child_process.js:920:16)
14 verbose stack     at Process.ChildProcess._handle.onexit (internal/child_process.js:230:5)
15 verbose pkgid react-server@1.0.0
16 verbose cwd /home/hagler/Projects/react-server-side
17 error Linux 4.10.0-38-generic
18 error argv "/home/hagler/.nvm/versions/node/v6.11.4/bin/node" "/home/hagler/.nvm/versions/node/v6.11.4/bin/npm" "run" "dev"
19 error node v6.11.4
20 error npm  v3.10.10
21 error code ELIFECYCLE
22 error react-server@1.0.0 dev: `NODE_ENV=development node development.js`
22 error Exit status 1
23 error Failed at the react-server@1.0.0 dev script 'NODE_ENV=development node development.js'.
23 error Make sure you have the latest version of node.js and npm installed.
23 error If you do, this is most likely a problem with the react-server package,
23 error not with npm itself.
23 error Tell the author that this fails on your system:
23 error     NODE_ENV=development node development.js
23 error You can get information on how to open an issue for this project with:
23 error     npm bugs react-server
23 error Or if that isn't available, you can get their info via:
23 error     npm owner ls react-server
23 error There is likely additional logging output above.
24 verbose exit [ 1, true ]
